<?xml version="1.0" encoding="UTF-8"?>
<testng-results ignored="0" total="1" passed="1" failed="0" skipped="0">
  <reporter-output>
  </reporter-output>
  <suite started-at="2022-01-06T18:54:00 IST" name="Suite" finished-at="2022-01-06T18:54:53 IST" duration-ms="53306">
    <groups>
    </groups>
    <test started-at="2022-01-06T18:54:00 IST" name="Test" finished-at="2022-01-06T18:54:53 IST" duration-ms="53306">
      <class name="arca.tests.BrowserHandlings">
        <test-method is-config="true" signature="beforetest(java.lang.String)[pri:0, instance:arca.tests.BrowserHandlings@c667f46]" started-at="2022-01-06T18:54:00 IST" name="beforetest" finished-at="2022-01-06T18:54:03 IST" duration-ms="3080" status="PASS">
          <params>
            <param index="0">
              <value>
                <![CDATA[chrome]]>
              </value>
            </param>
          </params>
          <reporter-output>
          </reporter-output>
        </test-method> <!-- beforetest -->
        <test-method signature="files_reminder()[pri:44, instance:arca.tests.BrowserHandlings@c667f46]" started-at="2022-01-06T18:54:03 IST" name="files_reminder" finished-at="2022-01-06T18:54:49 IST" duration-ms="45505" status="PASS">
          <reporter-output>
          </reporter-output>
        </test-method> <!-- files_reminder -->
        <test-method is-config="true" signature="after()[pri:0, instance:arca.tests.BrowserHandlings@c667f46]" started-at="2022-01-06T18:54:49 IST" name="after" finished-at="2022-01-06T18:54:53 IST" duration-ms="4705" status="PASS">
          <reporter-output>
          </reporter-output>
        </test-method> <!-- after -->
      </class> <!-- arca.tests.BrowserHandlings -->
    </test> <!-- Test -->
  </suite> <!-- Suite -->
</testng-results>
